[ 10:12:05 ][ Request ][ {"url":"/Interface/getSight","method":"POST","params":{}} ][ /Interface/getSight ]

[ 10:12:10 ][ Response ][ 获取每日资讯列表操作成功 ][ /Interface/getSight ]

[ 10:33:13 ][ Request ][ {"url":"/Interface/getSight","method":"POST","params":{}} ][ /Interface/getSight ]

[ 10:33:18 ][ Response ][ 获取每日资讯列表操作成功 ][ /Interface/getSight ]

[ 15:11:52 ][ Request ][ {"url":"/Interface/getSight","method":"POST","params":{}} ][ /Interface/getSight ]

[ 15:11:57 ][ Response ][ 获取每日资讯列表操作成功 ][ /Interface/getSight ]

[ 15:23:18 ][ Request ][ {"url":"/Interface/getSight","method":"POST","params":{}} ][ /Interface/getSight ]

[ 15:23:23 ][ Response ][ 获取每日资讯列表操作成功 ][ /Interface/getSight ]

[ 15:24:39 ][ Request ][ {"url":"/Interface/getSight","method":"POST","params":{}} ][ /Interface/getSight ]

[ 15:24:43 ][ Request ][ {"url":"/Interface/getSight","method":"POST","params":{}} ][ /Interface/getSight ]

[ 15:24:47 ][ Response ][ 获取每日资讯列表操作成功 ][ /Interface/getSight ]

[ 15:24:48 ][ Response ][ 获取每日资讯列表操作成功 ][ /Interface/getSight ]

[ 15:24:59 ][ Request ][ {"url":"/Interface/getSight","method":"POST","params":{}} ][ /Interface/getSight ]

[ 15:25:04 ][ Response ][ 获取每日资讯列表操作成功 ][ /Interface/getSight ]

[ 15:28:39 ][ Request ][ {"url":"/Interface/getSight","method":"POST","params":{}} ][ /Interface/getSight ]

[ 15:28:44 ][ Response ][ 获取每日资讯列表操作成功 ][ /Interface/getSight ]

[ 15:35:30 ][ Request ][ {"url":"/Interface/getSight","method":"POST","params":{}} ][ /Interface/getSight ]

[ 15:35:34 ][ Response ][ 获取每日资讯列表操作成功 ][ /Interface/getSight ]

[ 15:35:40 ][ Request ][ {"url":"/Interface/getSight","method":"POST","params":{}} ][ /Interface/getSight ]

[ 15:35:46 ][ Response ][ 获取每日资讯列表操作成功 ][ /Interface/getSight ]

[ 15:36:27 ][ Request ][ {"url":"/Interface/getSight","method":"POST","params":{}} ][ /Interface/getSight ]

[ 15:36:33 ][ Response ][ 获取每日资讯列表操作成功 ][ /Interface/getSight ]

[ 15:36:57 ][ Request ][ {"url":"/Interface/getSight","method":"POST","params":{}} ][ /Interface/getSight ]

[ 15:37:01 ][ Response ][ 获取每日资讯列表操作成功 ][ /Interface/getSight ]

[ 15:41:28 ][ Request ][ {"url":"/Interface/getSight","method":"POST","params":{}} ][ /Interface/getSight ]

[ 15:41:32 ][ Response ][ 获取每日资讯列表操作成功 ][ /Interface/getSight ]

[ 15:42:47 ][ Request ][ {"url":"/Interface/getSight","method":"POST","params":{}} ][ /Interface/getSight ]

[ 15:42:52 ][ Response ][ 获取每日资讯列表操作成功 ][ /Interface/getSight ]

[ 15:42:56 ][ Request ][ {"url":"/Interface/getSight","method":"POST","params":{}} ][ /Interface/getSight ]

[ 15:43:01 ][ Response ][ 获取每日资讯列表操作成功 ][ /Interface/getSight ]

[ 15:47:53 ][ Request ][ {"url":"/Interface/getSight","method":"POST","params":{}} ][ /Interface/getSight ]

[ 15:47:59 ][ Response ][ 获取每日资讯列表操作成功 ][ /Interface/getSight ]

[ 15:48:03 ][ Request ][ {"url":"/Interface/getSight","method":"POST","params":{}} ][ /Interface/getSight ]

[ 15:48:07 ][ Response ][ 获取每日资讯列表操作成功 ][ /Interface/getSight ]

[ 15:49:08 ][ Request ][ {"url":"/Interface/getSight","method":"POST","params":{}} ][ /Interface/getSight ]

[ 15:49:13 ][ Response ][ 获取每日资讯列表操作成功 ][ /Interface/getSight ]

[ 15:49:19 ][ Request ][ {"url":"/Interface/getSight","method":"POST","params":{}} ][ /Interface/getSight ]

[ 15:49:23 ][ Response ][ 获取每日资讯列表操作成功 ][ /Interface/getSight ]

[ 15:49:24 ][ Request ][ {"url":"/Interface/getSight","method":"POST","params":{}} ][ /Interface/getSight ]

[ 15:49:29 ][ Response ][ 获取每日资讯列表操作成功 ][ /Interface/getSight ]

[ 15:49:32 ][ Request ][ {"url":"/Interface/getSight","method":"POST","params":{}} ][ /Interface/getSight ]

[ 15:49:38 ][ Response ][ 获取每日资讯列表操作成功 ][ /Interface/getSight ]

[ 15:53:23 ][ Request ][ {"url":"/Interface/getSight","method":"POST","params":{}} ][ /Interface/getSight ]

[ 15:53:32 ][ Request ][ {"url":"/Interface/getSight","method":"POST","params":{}} ][ /Interface/getSight ]

[ 15:53:36 ][ Response ][ 获取每日资讯列表操作成功 ][ /Interface/getSight ]

[ 15:57:23 ][ Request ][ {"url":"/Interface/getSight","method":"POST","params":{}} ][ /Interface/getSight ]

[ 15:57:29 ][ Response ][ 获取每日资讯列表操作成功 ][ /Interface/getSight ]

[ 15:58:23 ][ Request ][ {"url":"/Interface/getSight","method":"POST","params":{}} ][ /Interface/getSight ]

[ 15:58:27 ][ Response ][ 获取每日资讯列表操作成功 ][ /Interface/getSight ]

[ 15:58:54 ][ Request ][ {"url":"/Interface/getSight","method":"POST","params":{}} ][ /Interface/getSight ]

[ 15:58:57 ][ Request ][ {"url":"/Interface/getSight","method":"POST","params":{}} ][ /Interface/getSight ]

[ 15:59:02 ][ Response ][ 获取每日资讯列表操作成功 ][ /Interface/getSight ]

[ 15:59:02 ][ Response ][ 获取每日资讯列表操作成功 ][ /Interface/getSight ]

[ 15:59:04 ][ Request ][ {"url":"/Interface/getSight","method":"POST","params":{}} ][ /Interface/getSight ]

[ 15:59:08 ][ Response ][ 获取每日资讯列表操作成功 ][ /Interface/getSight ]

[ 15:59:42 ][ Request ][ {"url":"/Interface/getSight","method":"POST","params":{}} ][ /Interface/getSight ]

[ 15:59:47 ][ Response ][ 获取每日资讯列表操作成功 ][ /Interface/getSight ]

[ 15:59:56 ][ Request ][ {"url":"/Interface/getSight","method":"POST","params":{}} ][ /Interface/getSight ]

[ 16:00:00 ][ Response ][ 获取每日资讯列表操作成功 ][ /Interface/getSight ]

[ 16:00:44 ][ Request ][ {"url":"/Interface/getSight","method":"POST","params":{}} ][ /Interface/getSight ]

[ 16:00:50 ][ Request ][ {"url":"/Interface/getSight","method":"POST","params":{}} ][ /Interface/getSight ]

[ 16:00:55 ][ Request ][ {"url":"/Interface/getSight","method":"POST","params":{}} ][ /Interface/getSight ]

[ 16:00:57 ][ Response ][ 获取每日资讯列表操作成功 ][ /Interface/getSight ]

[ 16:00:59 ][ Response ][ 获取每日资讯列表操作成功 ][ /Interface/getSight ]

[ 16:01:27 ][ Request ][ {"url":"/Interface/getSight","method":"POST","params":{}} ][ /Interface/getSight ]

[ 16:01:31 ][ Response ][ 获取每日资讯列表操作成功 ][ /Interface/getSight ]

[ 16:07:10 ][ Request ][ {"url":"/Interface/getSight","method":"POST","params":{}} ][ /Interface/getSight ]

[ 16:07:14 ][ Response ][ 获取每日资讯列表操作成功 ][ /Interface/getSight ]

[ 16:07:20 ][ Request ][ {"url":"/Interface/getSight","method":"POST","params":{}} ][ /Interface/getSight ]

[ 16:07:25 ][ Response ][ 获取每日资讯列表操作成功 ][ /Interface/getSight ]

[ 16:12:22 ][ Request ][ {"url":"/Interface/getSight","method":"POST","params":{}} ][ /Interface/getSight ]

[ 16:12:28 ][ Response ][ 获取每日资讯列表操作成功 ][ /Interface/getSight ]

[ 16:12:44 ][ Request ][ {"url":"/Interface/getSight","method":"POST","params":{}} ][ /Interface/getSight ]

[ 16:12:48 ][ Response ][ 获取每日资讯列表操作成功 ][ /Interface/getSight ]

[ 16:14:00 ][ Request ][ {"url":"/Interface/getSight","method":"POST","params":{}} ][ /Interface/getSight ]

[ 16:14:04 ][ Response ][ 获取每日资讯列表操作成功 ][ /Interface/getSight ]

[ 16:14:14 ][ Request ][ {"url":"/Interface/getSight","method":"POST","params":{}} ][ /Interface/getSight ]

[ 16:14:18 ][ Response ][ 获取每日资讯列表操作成功 ][ /Interface/getSight ]

[ 16:15:18 ][ Request ][ {"url":"/Interface/getSight","method":"POST","params":{}} ][ /Interface/getSight ]

[ 16:15:22 ][ Response ][ 获取每日资讯列表操作成功 ][ /Interface/getSight ]

[ 16:16:53 ][ Request ][ {"url":"/Interface/getSight","method":"POST","params":{}} ][ /Interface/getSight ]

[ 16:16:59 ][ Response ][ 获取每日资讯列表操作成功 ][ /Interface/getSight ]

[ 16:18:47 ][ Request ][ {"url":"/Interface/getSight","method":"POST","params":{}} ][ /Interface/getSight ]

[ 16:18:51 ][ Response ][ 获取每日资讯列表操作成功 ][ /Interface/getSight ]

[ 16:48:43 ][ Request ][ {"url":"/Interface/getSight","method":"POST","params":{}} ][ /Interface/getSight ]

[ 16:48:48 ][ Response ][ 获取每日资讯列表操作成功 ][ /Interface/getSight ]

[ 16:49:08 ][ Request ][ {"url":"/Interface/getSight","method":"POST","params":{}} ][ /Interface/getSight ]

[ 16:49:14 ][ Response ][ 获取每日资讯列表操作成功 ][ /Interface/getSight ]

[ 17:16:04 ][ Request ][ {"url":"/Interface/getSight","method":"POST","params":{}} ][ /Interface/getSight ]

[ 17:16:08 ][ Response ][ 获取每日资讯列表操作成功 ][ /Interface/getSight ]

[ 17:16:12 ][ Request ][ {"url":"/Interface/getSight","method":"POST","params":{}} ][ /Interface/getSight ]

[ 17:16:16 ][ Response ][ 获取每日资讯列表操作成功 ][ /Interface/getSight ]

[ 17:19:18 ][ Request ][ {"url":"/Interface/getSight","method":"POST","params":{}} ][ /Interface/getSight ]

[ 17:19:24 ][ Response ][ 获取每日资讯列表操作成功 ][ /Interface/getSight ]

[ 17:19:26 ][ Request ][ {"url":"/Interface/getSight","method":"POST","params":{}} ][ /Interface/getSight ]

[ 17:19:32 ][ Response ][ 获取每日资讯列表操作成功 ][ /Interface/getSight ]

[ 17:19:39 ][ Request ][ {"url":"/Interface/getSight","method":"POST","params":{}} ][ /Interface/getSight ]

[ 17:19:43 ][ Response ][ 获取每日资讯列表操作成功 ][ /Interface/getSight ]

[ 17:26:54 ][ Request ][ {"url":"/Interface/getSight","method":"POST","params":{}} ][ /Interface/getSight ]

[ 17:26:58 ][ Response ][ 获取每日资讯列表操作成功 ][ /Interface/getSight ]

[ 17:27:53 ][ Request ][ {"url":"/Interface/getSight","method":"POST","params":{}} ][ /Interface/getSight ]

[ 17:27:58 ][ Response ][ 获取每日资讯列表操作成功 ][ /Interface/getSight ]

[ 17:32:23 ][ Request ][ {"url":"/Interface/getSight","method":"POST","params":{}} ][ /Interface/getSight ]

[ 17:32:29 ][ Response ][ 获取每日资讯列表操作成功 ][ /Interface/getSight ]

[ 17:33:17 ][ Request ][ {"url":"/Interface/getSight","method":"POST","params":{}} ][ /Interface/getSight ]

[ 17:33:22 ][ Response ][ 获取每日资讯列表操作成功 ][ /Interface/getSight ]

[ 17:35:49 ][ Request ][ {"url":"/Interface/getSight","method":"POST","params":{}} ][ /Interface/getSight ]

[ 17:35:53 ][ Response ][ 获取每日资讯列表操作成功 ][ /Interface/getSight ]

[ 17:37:54 ][ Request ][ {"url":"/Interface/getSight","method":"POST","params":{}} ][ /Interface/getSight ]

[ 17:37:58 ][ Response ][ 获取每日资讯列表操作成功 ][ /Interface/getSight ]

[ 17:43:04 ][ Request ][ {"url":"/Interface/getSight","method":"POST","params":{}} ][ /Interface/getSight ]

[ 17:43:07 ][ Response ][ 获取每日资讯列表操作成功 ][ /Interface/getSight ]

[ 17:45:52 ][ Request ][ {"url":"/Interface/getSight","method":"POST","params":{}} ][ /Interface/getSight ]

[ 17:45:59 ][ Response ][ 获取每日资讯列表操作成功 ][ /Interface/getSight ]

[ 17:46:21 ][ Request ][ {"url":"/Interface/getSight","method":"POST","params":{}} ][ /Interface/getSight ]

[ 17:46:25 ][ Response ][ 获取每日资讯列表操作成功 ][ /Interface/getSight ]

[ 17:49:54 ][ Request ][ {"url":"/Interface/getSight","method":"POST","params":{}} ][ /Interface/getSight ]

[ 17:49:58 ][ Response ][ 获取每日资讯列表操作成功 ][ /Interface/getSight ]

[ 17:50:06 ][ Request ][ {"url":"/Interface/login","method":"POST","params":{"userName":"guiqing","password":"guiqing0409"}} ][ /Interface/login ]

[ 17:50:06 ][ Http ][ request options : {"hostname":"127.0.0.1","port":"3050","path":"/user/login","method":"POST","encoding":"utf-8","headers":{"Content-Type":"application/json","Content-Length":47}} ]

[ 17:52:40 ][ Request ][ {"url":"/Interface/getSight","method":"POST","params":{}} ][ /Interface/getSight ]

[ 17:52:44 ][ Response ][ 获取每日资讯列表操作成功 ][ /Interface/getSight ]

[ 17:52:45 ][ Request ][ {"url":"/Interface/getSight","method":"POST","params":{}} ][ /Interface/getSight ]

[ 17:52:49 ][ Response ][ 获取每日资讯列表操作成功 ][ /Interface/getSight ]

[ 17:52:51 ][ Request ][ {"url":"/Interface/login","method":"POST","params":{"userName":"e","password":"1"}} ][ /Interface/login ]

[ 17:52:51 ][ Http ][ request options : {"hostname":"127.0.0.1","port":"3000","path":"/user/login","method":"POST","encoding":"utf-8","headers":{"Content-Type":"application/json","Content-Length":31}} ]

[ 17:53:25 ][ Request ][ {"url":"/Interface/login","method":"POST","params":{"userName":"guiqing","password":"guiqing0409"}} ][ /Interface/login ]

[ 17:53:25 ][ Http ][ request options : {"hostname":"127.0.0.1","port":"3000","path":"/user/login","method":"POST","encoding":"utf-8","headers":{"Content-Type":"application/json","Content-Length":47}} ]

[ 17:53:38 ][ Request ][ {"url":"/Interface/login","method":"POST","params":{"userName":"guiqing","password":"guiqing0409"}} ][ /Interface/login ]

[ 17:53:38 ][ Http ][ request options : {"hostname":"127.0.0.1","port":"3000","path":"/user/login","method":"POST","encoding":"utf-8","headers":{"Content-Type":"application/json","Content-Length":47}} ]

[ 17:55:57 ][ Request ][ {"url":"/Interface/login","method":"POST","params":{"userName":"guiqing","password":"guiqing0409"}} ][ /Interface/login ]

[ 17:55:57 ][ Http ][ request options : {"hostname":"127.0.0.1","port":"3000","path":"/user/login","method":"POST","encoding":"utf-8","headers":{"Content-Type":"application/json","Content-Length":47}} ]

[ 17:56:41 ][ Request ][ {"url":"/Interface/login","method":"POST","params":{"userName":"guiqing","password":"guiqing0409"}} ][ /Interface/login ]

[ 17:56:41 ][ Http ][ request options : {"hostname":"127.0.0.1","port":"3000","path":"/user/login","method":"POST","encoding":"utf-8","headers":{"Content-Type":"application/json","Content-Length":47}} ]

[ 17:57:12 ][ Request ][ {"url":"/Interface/login","method":"POST","params":{"userName":"guiqing","password":"guiqing0409"}} ][ /Interface/login ]

[ 17:57:12 ][ Http ][ request options : {"hostname":"127.0.0.1","port":"3000","path":"/user/login","method":"POST","encoding":"utf-8","headers":{"Content-Type":"application/json","Content-Length":47}} ]

[ 17:57:12 ][ Response ][ 登录操作成功 ][ /Interface/login ]

[ 17:57:22 ][ Request ][ {"url":"/Interface/login","method":"POST","params":{"userName":"guiqing1","password":"guiqing0409"}} ][ /Interface/login ]

[ 17:57:22 ][ Http ][ request options : {"hostname":"127.0.0.1","port":"3000","path":"/user/login","method":"POST","encoding":"utf-8","headers":{"Content-Type":"application/json","Content-Length":48}} ]

[ 17:57:44 ][ Request ][ {"url":"/Interface/login","method":"POST","params":{"userName":"guiqing","password":"guiqing04093"}} ][ /Interface/login ]

[ 17:57:44 ][ Http ][ request options : {"hostname":"127.0.0.1","port":"3000","path":"/user/login","method":"POST","encoding":"utf-8","headers":{"Content-Type":"application/json","Content-Length":48}} ]

[ 17:58:27 ][ Request ][ {"url":"/Interface/getSight","method":"POST","params":{}} ][ /Interface/getSight ]

[ 17:58:33 ][ Response ][ 获取每日资讯列表操作成功 ][ /Interface/getSight ]

[ 18:56:46 ][ Request ][ {"url":"/Interface/login","method":"POST","params":{"userName":"guiqing","password":"guiqing0409"}} ][ /Interface/login ]

[ 18:56:46 ][ Http ][ request options : {"hostname":"127.0.0.1","port":"3000","path":"/user/login","method":"POST","encoding":"utf-8","headers":{"Content-Type":"application/json","Content-Length":47}} ]

[ 18:56:47 ][ Response ][ 登录操作成功 ][ /Interface/login ]

[ 18:57:39 ][ Request ][ {"url":"/Interface/getSight","method":"POST","params":{}} ][ /Interface/getSight ]

[ 18:57:43 ][ Response ][ 获取每日资讯列表操作成功 ][ /Interface/getSight ]

[ 22:53:55 ][ Request ][ {"url":"/Interface/getSight","method":"POST","params":{}} ][ /Interface/getSight ]

[ 22:54:00 ][ Response ][ 获取每日资讯列表操作成功 ][ /Interface/getSight ]

[ 23:02:00 ][ Request ][ {"url":"/Interface/getSight","method":"POST","params":{}} ][ /Interface/getSight ]

[ 23:02:05 ][ Response ][ 获取每日资讯列表操作成功 ][ /Interface/getSight ]

[ 23:04:31 ][ Request ][ {"url":"/Interface/getSight","method":"POST","params":{}} ][ /Interface/getSight ]

[ 23:04:38 ][ Response ][ 获取每日资讯列表操作成功 ][ /Interface/getSight ]

[ 23:05:08 ][ Request ][ {"url":"/Interface/login","method":"POST","params":{"userName":"guiqing","password":"guiqing0409"}} ][ /Interface/login ]

[ 23:05:08 ][ Http ][ request options : {"hostname":"127.0.0.1","port":"3000","path":"/user/login","method":"POST","encoding":"utf-8","headers":{"Content-Type":"application/json","Content-Length":47}} ]

[ 23:06:18 ][ Request ][ {"url":"/Interface/login","method":"POST","params":{"userName":"guiqing","password":"guiqing0409"}} ][ /Interface/login ]

[ 23:06:18 ][ Http ][ request options : {"hostname":"127.0.0.1","port":"3000","path":"/user/login","method":"POST","encoding":"utf-8","headers":{"Content-Type":"application/json","Content-Length":47}} ]

[ 23:06:19 ][ Response ][ 登录操作成功 ][ /Interface/login ]

[ 23:06:52 ][ Request ][ {"url":"/Interface/editUserInfo","method":"POST","params":{}} ][ /Interface/editUserInfo ]

[ 23:06:52 ][ Http ][ request options : {"hostname":"127.0.0.1","port":"3000","path":"/user/editUserInfo","method":"POST","encoding":"utf-8","headers":{"Content-Type":"application/json","Content-Length":2}} ]

[ 23:07:00 ][ Request ][ {"url":"/Interface/editUserInfo","method":"POST","params":{}} ][ /Interface/editUserInfo ]

[ 23:07:00 ][ Http ][ request options : {"hostname":"127.0.0.1","port":"3000","path":"/user/editUserInfo","method":"POST","encoding":"utf-8","headers":{"Content-Type":"application/json","Content-Length":2}} ]

[ 23:07:04 ][ Request ][ {"url":"/Interface/editUserInfo","method":"GET","params":{}} ][ /Interface/editUserInfo ]

[ 23:08:38 ][ Request ][ {"url":"/Interface/editUserInfo","method":"POST","params":{}} ][ /Interface/editUserInfo ]

[ 23:08:38 ][ Http ][ request options : {"hostname":"127.0.0.1","port":"3000","path":"/user/editUserInfo","method":"POST","encoding":"utf-8","headers":{"Content-Type":"application/json","Content-Length":2}} ]

[ 23:08:39 ][ Response ][ 修改用户信息操作成功 ][ /Interface/editUserInfo ]

[ 23:09:57 ][ Request ][ {"url":"/Interface/editUserInfo","method":"POST","params":{}} ][ /Interface/editUserInfo ]

[ 23:09:57 ][ Http ][ request options : {"hostname":"127.0.0.1","port":"3000","path":"/user/editUserInfo","method":"POST","encoding":"utf-8","headers":{"Content-Type":"application/json","Content-Length":2}} ]

[ 23:10:42 ][ Request ][ {"url":"/Interface/editUserInfo","method":"POST","params":{}} ][ /Interface/editUserInfo ]

[ 23:10:42 ][ Http ][ request options : {"hostname":"127.0.0.1","port":"3000","path":"/user/editUserInfo","method":"POST","encoding":"utf-8","headers":{"Content-Type":"application/json","Content-Length":2}} ]

[ 23:10:42 ][ Response ][ 修改用户信息操作成功 ][ /Interface/editUserInfo ]

[ 23:58:52 ][ Request ][ {"url":"/Interface/getSight","method":"POST","params":{}} ][ /Interface/getSight ]

[ 23:58:57 ][ Response ][ 获取每日资讯列表操作成功 ][ /Interface/getSight ]

[ 23:59:10 ][ Request ][ {"url":"/Interface/login","method":"POST","params":{"userName":"guiqing","password":"guiqing0409"}} ][ /Interface/login ]

