[ 00:31:56 ][ Request ][ {"url":"/Interface/getSight","method":"POST","params":{"url":"http://www.iqiyi.com/v_19rrfs3830.html#vfrm=24-9-0-1"}} ][ /Interface/getSight ]

[ 00:35:20 ][ Request ][ {"url":"/Interface/getSight","method":"POST","params":{"url":"http://www.iqiyi.com/v_19rrfs3830.html#vfrm=24-9-0-1"}} ][ /Interface/getSight ]

[ 00:35:20 ][ Http ][ request options : {"hostname":"127.0.0.1","port":80,"path":"/:3050http//36kr.com/?","method":"GET","encoding":"utf-8","headers":{"Content-Length":0}} ]

[ 00:37:49 ][ Request ][ {"url":"/Interface/getSight","method":"POST","params":{"url":"http://www.iqiyi.com/v_19rrfs3830.html#vfrm=24-9-0-1"}} ][ /Interface/getSight ]

[ 00:37:49 ][ Http ][ request options : {"hostname":"36kr.com","port":80,"path":"/?","method":"GET","encoding":"utf-8","headers":{"Content-Length":0}} ]

[ 00:39:10 ][ Request ][ {"url":"/Interface/getSight","method":"POST","params":{"url":"http://www.iqiyi.com/v_19rrfs3830.html#vfrm=24-9-0-1"}} ][ /Interface/getSight ]

[ 00:39:10 ][ Http ][ request options : {"hostname":"36kr.com","port":80,"path":"/?","method":"GET","encoding":"utf-8","headers":{"Content-Length":0}} ]

[ 00:39:11 ][ Response ][ 获取JSSDK验证相关信息操作成功 ][ /Interface/getSight ]

[ 00:41:28 ][ Request ][ {"url":"/Interface/getSight","method":"POST","params":{"url":"http://www.iqiyi.com/v_19rrfs3830.html#vfrm=24-9-0-1"}} ][ /Interface/getSight ]

[ 00:41:28 ][ Http ][ request options : {"hostname":"36kr.com","port":80,"path":"/?","method":"GET","encoding":"utf-8","headers":{"Content-Length":0}} ]

[ 00:41:29 ][ Response ][ 获取JSSDK验证相关信息操作成功 ][ /Interface/getSight ]

[ 00:42:33 ][ Request ][ {"url":"/Interface/getSight","method":"POST","params":{"url":"http://www.iqiyi.com/v_19rrfs3830.html#vfrm=24-9-0-1"}} ][ /Interface/getSight ]

[ 00:42:33 ][ Http ][ request options : {"hostname":"36kr.com","port":80,"path":"/?","method":"GET","encoding":"utf-8","headers":{"Content-Length":0}} ]

[ 00:42:34 ][ Response ][ 获取JSSDK验证相关信息操作成功 ][ /Interface/getSight ]

[ 00:46:06 ][ Request ][ {"url":"/Interface/getSight","method":"POST","params":{"url":"http://www.iqiyi.com/v_19rrfs3830.html#vfrm=24-9-0-1"}} ][ /Interface/getSight ]

[ 00:46:06 ][ Http ][ request options : {"hostname":"36kr.com","port":80,"path":"/?","method":"GET","encoding":"utf-8","headers":{"Content-Length":0}} ]

[ 00:46:07 ][ Response ][ 获取JSSDK验证相关信息操作成功 ][ /Interface/getSight ]

[ 00:47:35 ][ Request ][ {"url":"/Interface/getSight","method":"POST","params":{"url":"http://www.iqiyi.com/v_19rrfs3830.html#vfrm=24-9-0-1"}} ][ /Interface/getSight ]

[ 00:47:35 ][ Http ][ request options : {"hostname":"36kr.com","port":80,"path":"/?","method":"GET","encoding":"utf-8","headers":{"Content-Length":0}} ]

[ 00:47:37 ][ Response ][ 获取JSSDK验证相关信息操作成功 ][ /Interface/getSight ]

[ 00:48:08 ][ Request ][ {"url":"/Interface/getSight","method":"POST","params":{"url":"http://www.iqiyi.com/v_19rrfs3830.html#vfrm=24-9-0-1"}} ][ /Interface/getSight ]

[ 00:48:08 ][ Http ][ request options : {"hostname":"36kr.com","port":80,"path":"/?","method":"GET","encoding":"utf-8","headers":{"Content-Length":0}} ]

[ 00:48:10 ][ Response ][ 获取JSSDK验证相关信息操作成功 ][ /Interface/getSight ]

[ 00:48:52 ][ Request ][ {"url":"/Interface/getSight","method":"POST","params":{"url":"http://www.iqiyi.com/v_19rrfs3830.html#vfrm=24-9-0-1"}} ][ /Interface/getSight ]

[ 00:48:52 ][ Http ][ request options : {"hostname":"36kr.com","port":80,"path":"/?","method":"GET","encoding":"utf-8","headers":{"Content-Length":0}} ]

[ 00:48:53 ][ Response ][ 获取JSSDK验证相关信息操作成功 ][ /Interface/getSight ]

[ 00:49:22 ][ Request ][ {"url":"/Interface/getSight","method":"POST","params":{"url":"http://www.iqiyi.com/v_19rrfs3830.html#vfrm=24-9-0-1"}} ][ /Interface/getSight ]

[ 00:49:22 ][ Http ][ request options : {"hostname":"36kr.com","port":80,"path":"/?","method":"GET","encoding":"utf-8","headers":{"Content-Length":0}} ]

[ 00:49:23 ][ Response ][ 获取JSSDK验证相关信息操作成功 ][ /Interface/getSight ]

[ 00:51:38 ][ Request ][ {"url":"/Interface/getSight","method":"POST","params":{"url":"http://www.iqiyi.com/v_19rrfs3830.html#vfrm=24-9-0-1"}} ][ /Interface/getSight ]

[ 00:51:38 ][ Http ][ request options : {"hostname":"36kr.com","port":80,"path":"/?","method":"GET","encoding":"utf-8","headers":{"Content-Length":0}} ]

[ 00:52:08 ][ Request ][ {"url":"/Interface/getSight","method":"POST","params":{"url":"http://www.iqiyi.com/v_19rrfs3830.html#vfrm=24-9-0-1"}} ][ /Interface/getSight ]

[ 00:52:08 ][ Http ][ request options : {"hostname":"36kr.com","port":80,"path":"/?","method":"GET","encoding":"utf-8","headers":{"Content-Length":0}} ]

[ 00:53:21 ][ Request ][ {"url":"/Interface/getSight","method":"POST","params":{"url":"http://www.iqiyi.com/v_19rrfs3830.html#vfrm=24-9-0-1"}} ][ /Interface/getSight ]

[ 00:53:21 ][ Http ][ request options : {"hostname":"36kr.com","port":80,"path":"/?","method":"GET","encoding":"utf-8","headers":{"Content-Length":0}} ]

[ 00:55:59 ][ Request ][ {"url":"/Interface/getSight","method":"POST","params":{"url":"http://www.iqiyi.com/v_19rrfs3830.html#vfrm=24-9-0-1"}} ][ /Interface/getSight ]

[ 00:55:59 ][ Http ][ request options : {"hostname":"36kr.com","port":80,"path":"/?","method":"GET","encoding":"utf-8","headers":{"Content-Length":0}} ]

[ 00:56:00 ][ Response ][ 获取JSSDK验证相关信息操作成功 ][ /Interface/getSight ]

[ 00:56:12 ][ Request ][ {"url":"/Interface/getSight","method":"POST","params":{"url":"http://www.iqiyi.com/v_19rrfs3830.html#vfrm=24-9-0-1"}} ][ /Interface/getSight ]

[ 00:56:12 ][ Http ][ request options : {"hostname":"36kr.com","port":80,"path":"/?","method":"GET","encoding":"utf-8","headers":{"Content-Length":0}} ]

[ 00:56:13 ][ Response ][ 获取JSSDK验证相关信息操作成功 ][ /Interface/getSight ]

[ 00:56:46 ][ Request ][ {"url":"/Interface/getSight","method":"POST","params":{"url":"http://www.iqiyi.com/v_19rrfs3830.html#vfrm=24-9-0-1"}} ][ /Interface/getSight ]

[ 00:56:46 ][ Http ][ request options : {"hostname":"36kr.com","port":80,"path":"/?","method":"GET","encoding":"utf-8","headers":{"Content-Length":0}} ]

[ 00:56:47 ][ Response ][ 获取JSSDK验证相关信息操作成功 ][ /Interface/getSight ]

[ 00:56:56 ][ Request ][ {"url":"/Interface/getSight","method":"POST","params":{"url":"http://www.iqiyi.com/v_19rrfs3830.html#vfrm=24-9-0-1"}} ][ /Interface/getSight ]

[ 00:56:56 ][ Http ][ request options : {"hostname":"36kr.com","port":80,"path":"/?","method":"GET","encoding":"utf-8","headers":{"Content-Length":0}} ]

[ 00:56:57 ][ Response ][ 获取JSSDK验证相关信息操作成功 ][ /Interface/getSight ]

[ 00:57:16 ][ Request ][ {"url":"/Interface/getSight","method":"POST","params":{"url":"http://www.iqiyi.com/v_19rrfs3830.html#vfrm=24-9-0-1"}} ][ /Interface/getSight ]

[ 00:57:16 ][ Http ][ request options : {"hostname":"36kr.com","port":80,"path":"/?","method":"GET","encoding":"utf-8","headers":{"Content-Length":0}} ]

[ 00:57:17 ][ Response ][ 获取JSSDK验证相关信息操作成功 ][ /Interface/getSight ]

[ 01:23:15 ][ Request ][ {"url":"/Interface/getSight","method":"POST","params":{"url":"http://www.iqiyi.com/v_19rrfs3830.html#vfrm=24-9-0-1"}} ][ /Interface/getSight ]

[ 01:23:15 ][ Http ][ request options : {"hostname":"36kr.com","port":80,"path":"/?","method":"GET","encoding":"utf-8","headers":{"Content-Length":0}} ]

[ 01:24:12 ][ Request ][ {"url":"/Interface/getSight","method":"POST","params":{"url":"http://www.iqiyi.com/v_19rrfs3830.html#vfrm=24-9-0-1"}} ][ /Interface/getSight ]

[ 01:24:12 ][ Http ][ request options : {"hostname":"36kr.com","port":80,"path":"/?","method":"GET","encoding":"utf-8","headers":{"Content-Length":0}} ]

[ 01:24:13 ][ Response ][ 获取JSSDK验证相关信息操作成功 ][ /Interface/getSight ]

[ 01:25:25 ][ Request ][ {"url":"/Interface/getSight","method":"POST","params":{"url":"http://www.iqiyi.com/v_19rrfs3830.html#vfrm=24-9-0-1"}} ][ /Interface/getSight ]

[ 01:25:25 ][ Http ][ request options : {"hostname":"36kr.com","port":80,"path":"/?","method":"GET","encoding":"utf-8","headers":{"Content-Length":0}} ]

[ 01:25:26 ][ Response ][ 获取JSSDK验证相关信息操作成功 ][ /Interface/getSight ]

[ 09:44:04 ][ Request ][ {"url":"/Interface/getSight","method":"POST","params":{"url":"http://www.iqiyi.com/v_19rrfs3830.html#vfrm=24-9-0-1"}} ][ /Interface/getSight ]

[ 09:44:04 ][ Http ][ request options : {"hostname":"36kr.com","port":80,"path":"/?","method":"GET","encoding":"utf-8","headers":{"Content-Length":0}} ]

[ 09:44:33 ][ Request ][ {"url":"/Interface/getSight","method":"POST","params":{"url":"http://www.iqiyi.com/v_19rrfs3830.html#vfrm=24-9-0-1"}} ][ /Interface/getSight ]

[ 09:44:33 ][ Http ][ request options : {"hostname":"36kr.com","port":80,"path":"/?","method":"GET","encoding":"utf-8","headers":{"Content-Length":0}} ]

[ 09:45:05 ][ Request ][ {"url":"/Interface/getSight","method":"POST","params":{"url":"http://www.iqiyi.com/v_19rrfs3830.html#vfrm=24-9-0-1"}} ][ /Interface/getSight ]

[ 09:45:05 ][ Http ][ request options : {"hostname":"36kr.com","port":80,"path":"/?","method":"GET","encoding":"utf-8","headers":{"Content-Length":0}} ]

[ 09:45:06 ][ Response ][ 获取JSSDK验证相关信息操作成功 ][ /Interface/getSight ]

[ 09:45:36 ][ Request ][ {"url":"/Interface/getSight","method":"POST","params":{"url":"http://www.iqiyi.com/v_19rrfs3830.html#vfrm=24-9-0-1"}} ][ /Interface/getSight ]

[ 09:45:36 ][ Http ][ request options : {"hostname":"36kr.com","port":80,"path":"/?","method":"GET","encoding":"utf-8","headers":{"Content-Length":0}} ]

[ 09:45:37 ][ Response ][ 获取JSSDK验证相关信息操作成功 ][ /Interface/getSight ]

[ 09:45:57 ][ Request ][ {"url":"/Interface/getSight","method":"POST","params":{"url":"http://www.iqiyi.com/v_19rrfs3830.html#vfrm=24-9-0-1"}} ][ /Interface/getSight ]

[ 09:45:57 ][ Http ][ request options : {"hostname":"36kr.com","port":80,"path":"/?","method":"GET","encoding":"utf-8","headers":{"Content-Length":0}} ]

[ 09:45:57 ][ Response ][ 获取JSSDK验证相关信息操作成功 ][ /Interface/getSight ]

[ 09:47:13 ][ Request ][ {"url":"/Interface/getSight","method":"POST","params":{"url":"http://www.iqiyi.com/v_19rrfs3830.html#vfrm=24-9-0-1"}} ][ /Interface/getSight ]

[ 09:47:13 ][ Http ][ request options : {"hostname":"36kr.com","port":80,"path":"/?","method":"GET","encoding":"utf-8","headers":{"Content-Length":0}} ]

[ 09:47:14 ][ Response ][ 获取JSSDK验证相关信息操作成功 ][ /Interface/getSight ]

[ 09:47:27 ][ Request ][ {"url":"/Interface/getSight","method":"POST","params":{"url":"http://www.iqiyi.com/v_19rrfs3830.html#vfrm=24-9-0-1"}} ][ /Interface/getSight ]

[ 09:47:27 ][ Http ][ request options : {"hostname":"36kr.com","port":80,"path":"/?","method":"GET","encoding":"utf-8","headers":{"Content-Length":0}} ]

[ 09:47:28 ][ Response ][ 获取JSSDK验证相关信息操作成功 ][ /Interface/getSight ]

[ 09:48:27 ][ Request ][ {"url":"/Interface/getSight","method":"POST","params":{"url":"http://www.iqiyi.com/v_19rrfs3830.html#vfrm=24-9-0-1"}} ][ /Interface/getSight ]

[ 09:48:27 ][ Http ][ request options : {"hostname":"36kr.com","port":80,"path":"/?","method":"GET","encoding":"utf-8","headers":{"Content-Length":0}} ]

[ 09:50:59 ][ Request ][ {"url":"/Interface/getSight","method":"POST","params":{"url":"http://www.iqiyi.com/v_19rrfs3830.html#vfrm=24-9-0-1"}} ][ /Interface/getSight ]

[ 09:50:59 ][ Http ][ request options : {"hostname":"36kr.com","port":80,"path":"/?","method":"GET","encoding":"utf-8","headers":{"Content-Length":0}} ]

[ 09:51:25 ][ Request ][ {"url":"/Interface/getSight","method":"POST","params":{"url":"http://www.iqiyi.com/v_19rrfs3830.html#vfrm=24-9-0-1"}} ][ /Interface/getSight ]

[ 09:51:25 ][ Http ][ request options : {"hostname":"36kr.com","port":80,"path":"/?","method":"GET","encoding":"utf-8","headers":{"Content-Length":0}} ]

[ 09:51:51 ][ Request ][ {"url":"/Interface/getSight","method":"POST","params":{"url":"http://www.iqiyi.com/v_19rrfs3830.html#vfrm=24-9-0-1"}} ][ /Interface/getSight ]

[ 09:51:51 ][ Http ][ request options : {"hostname":"36kr.com","port":80,"path":"/?","method":"GET","encoding":"utf-8","headers":{"Content-Length":0}} ]

[ 09:52:24 ][ Request ][ {"url":"/Interface/getSight","method":"POST","params":{"url":"http://www.iqiyi.com/v_19rrfs3830.html#vfrm=24-9-0-1"}} ][ /Interface/getSight ]

[ 09:52:24 ][ Http ][ request options : {"hostname":"36kr.com","port":80,"path":"/?","method":"GET","encoding":"utf-8","headers":{"Content-Length":0}} ]

[ 09:53:52 ][ Request ][ {"url":"/Interface/getSight","method":"POST","params":{"url":"http://www.iqiyi.com/v_19rrfs3830.html#vfrm=24-9-0-1"}} ][ /Interface/getSight ]

[ 09:53:52 ][ Http ][ request options : {"hostname":"36kr.com","port":80,"path":"/?","method":"GET","encoding":"utf-8","headers":{"Content-Length":0}} ]

[ 09:57:49 ][ Request ][ {"url":"/Interface/getSight","method":"POST","params":{"url":"http://www.iqiyi.com/v_19rrfs3830.html#vfrm=24-9-0-1"}} ][ /Interface/getSight ]

[ 09:57:49 ][ Http ][ request options : {"hostname":"36kr.com","port":80,"path":"/?","method":"GET","encoding":"utf-8","headers":{"Content-Length":0}} ]

[ 09:58:28 ][ Request ][ {"url":"/Interface/getSight","method":"POST","params":{"url":"http://www.iqiyi.com/v_19rrfs3830.html#vfrm=24-9-0-1"}} ][ /Interface/getSight ]

[ 09:58:28 ][ Http ][ request options : {"hostname":"36kr.com","port":80,"path":"/?","method":"GET","encoding":"utf-8","headers":{"Content-Length":0}} ]

[ 10:16:58 ][ Request ][ {"url":"/Interface/getSight","method":"POST","params":{"url":"http://www.iqiyi.com/v_19rrfs3830.html#vfrm=24-9-0-1"}} ][ /Interface/getSight ]

[ 10:16:58 ][ Http ][ request options : {"hostname":"36kr.com","port":80,"path":"/?","method":"GET","encoding":"utf-8","headers":{"Content-Length":0}} ]

[ 10:49:51 ][ Request ][ {"url":"/Interface/getSight","method":"POST","params":{"url":"http://www.iqiyi.com/v_19rrfs3830.html#vfrm=24-9-0-1"}} ][ /Interface/getSight ]

[ 10:49:57 ][ Response ][ rr操作成功 ][ /Interface/getSight ]

[ 10:52:47 ][ Request ][ {"url":"/Interface/getSight","method":"POST","params":{"url":"http://www.iqiyi.com/v_19rrfs3830.html#vfrm=24-9-0-1"}} ][ /Interface/getSight ]

[ 10:52:50 ][ Response ][ rr操作成功 ][ /Interface/getSight ]

[ 10:56:21 ][ Request ][ {"url":"/Interface/getSight","method":"POST","params":{"url":"http://www.iqiyi.com/v_19rrfs3830.html#vfrm=24-9-0-1"}} ][ /Interface/getSight ]

[ 10:56:27 ][ Response ][ rr操作成功 ][ /Interface/getSight ]

[ 10:58:31 ][ Request ][ {"url":"/Interface/getSight","method":"POST","params":{"url":"http://www.iqiyi.com/v_19rrfs3830.html#vfrm=24-9-0-1"}} ][ /Interface/getSight ]

[ 10:58:35 ][ Response ][ rr操作成功 ][ /Interface/getSight ]

[ 11:00:56 ][ Request ][ {"url":"/Interface/getSight","method":"POST","params":{"url":"http://www.iqiyi.com/v_19rrfs3830.html#vfrm=24-9-0-1"}} ][ /Interface/getSight ]

[ 11:01:00 ][ Response ][ rr操作成功 ][ /Interface/getSight ]

[ 11:31:08 ][ Request ][ {"url":"/Interface/getSight","method":"POST","params":{}} ][ /Interface/getSight ]

[ 11:31:12 ][ Response ][ 获取每日资讯列表操作成功 ][ /Interface/getSight ]

[ 11:31:27 ][ Request ][ {"url":"/Interface/getSight","method":"POST","params":{}} ][ /Interface/getSight ]

[ 11:31:32 ][ Response ][ 获取每日资讯列表操作成功 ][ /Interface/getSight ]

[ 11:35:20 ][ Request ][ {"url":"/Interface/getSight","method":"POST","params":{}} ][ /Interface/getSight ]

[ 11:35:25 ][ Response ][ 获取每日资讯列表操作成功 ][ /Interface/getSight ]

[ 11:35:39 ][ Request ][ {"url":"/Interface/getSight","method":"POST","params":{}} ][ /Interface/getSight ]

[ 11:35:40 ][ Request ][ {"url":"/Interface/getSight","method":"POST","params":{}} ][ /Interface/getSight ]

[ 11:35:44 ][ Response ][ 获取每日资讯列表操作成功 ][ /Interface/getSight ]

[ 11:35:46 ][ Response ][ 获取每日资讯列表操作成功 ][ /Interface/getSight ]

[ 11:37:43 ][ Request ][ {"url":"/Interface/getSight","method":"POST","params":{}} ][ /Interface/getSight ]

[ 11:37:50 ][ Response ][ 获取每日资讯列表操作成功 ][ /Interface/getSight ]

[ 11:40:04 ][ Request ][ {"url":"/Interface/getSight","method":"POST","params":{}} ][ /Interface/getSight ]

[ 11:40:09 ][ Response ][ 获取每日资讯列表操作成功 ][ /Interface/getSight ]

[ 11:44:25 ][ Request ][ {"url":"/Interface/getSight","method":"POST","params":{}} ][ /Interface/getSight ]

[ 11:44:30 ][ Response ][ 获取每日资讯列表操作成功 ][ /Interface/getSight ]

[ 11:45:49 ][ Request ][ {"url":"/Interface/getSight","method":"POST","params":{}} ][ /Interface/getSight ]

[ 11:45:54 ][ Response ][ 获取每日资讯列表操作成功 ][ /Interface/getSight ]

[ 11:49:39 ][ Request ][ {"url":"/Interface/getSight","method":"POST","params":{}} ][ /Interface/getSight ]

[ 11:49:44 ][ Response ][ 获取每日资讯列表操作成功 ][ /Interface/getSight ]

[ 11:51:13 ][ Request ][ {"url":"/Interface/getSight","method":"POST","params":{}} ][ /Interface/getSight ]

[ 11:51:22 ][ Response ][ 获取每日资讯列表操作成功 ][ /Interface/getSight ]

[ 11:51:28 ][ Request ][ {"url":"/Interface/getSight","method":"POST","params":{}} ][ /Interface/getSight ]

[ 11:51:37 ][ Response ][ 获取每日资讯列表操作成功 ][ /Interface/getSight ]

[ 11:57:02 ][ Request ][ {"url":"/Interface/getSight","method":"POST","params":{}} ][ /Interface/getSight ]

[ 11:57:07 ][ Response ][ 获取每日资讯列表操作成功 ][ /Interface/getSight ]

[ 13:35:39 ][ Request ][ {"url":"/Interface/getSight","method":"POST","params":{}} ][ /Interface/getSight ]

[ 13:35:44 ][ Response ][ 获取每日资讯列表操作成功 ][ /Interface/getSight ]

[ 14:03:36 ][ Request ][ {"url":"/Interface/getSight","method":"POST","params":{}} ][ /Interface/getSight ]

[ 14:03:41 ][ Response ][ 获取每日资讯列表操作成功 ][ /Interface/getSight ]

[ 14:28:56 ][ Request ][ {"url":"/Interface/getSight","method":"POST","params":{}} ][ /Interface/getSight ]

[ 14:29:01 ][ Response ][ 获取每日资讯列表操作成功 ][ /Interface/getSight ]

[ 14:32:35 ][ Request ][ {"url":"/Interface/getSight","method":"POST","params":{}} ][ /Interface/getSight ]

[ 14:32:41 ][ Response ][ 获取每日资讯列表操作成功 ][ /Interface/getSight ]

[ 14:35:49 ][ Request ][ {"url":"/Interface/getSight","method":"POST","params":{}} ][ /Interface/getSight ]

[ 14:35:54 ][ Response ][ 获取每日资讯列表操作成功 ][ /Interface/getSight ]

[ 14:37:35 ][ Request ][ {"url":"/Interface/getSight","method":"POST","params":{}} ][ /Interface/getSight ]

[ 14:37:41 ][ Response ][ 获取每日资讯列表操作成功 ][ /Interface/getSight ]

[ 14:38:06 ][ Request ][ {"url":"/Interface/getSight","method":"POST","params":{}} ][ /Interface/getSight ]

[ 14:38:10 ][ Response ][ 获取每日资讯列表操作成功 ][ /Interface/getSight ]

[ 14:41:56 ][ Request ][ {"url":"/Interface/getSight","method":"POST","params":{}} ][ /Interface/getSight ]

[ 14:42:01 ][ Response ][ 获取每日资讯列表操作成功 ][ /Interface/getSight ]

[ 14:46:08 ][ Request ][ {"url":"/Interface/getSight","method":"POST","params":{}} ][ /Interface/getSight ]

[ 14:46:13 ][ Response ][ 获取每日资讯列表操作成功 ][ /Interface/getSight ]

[ 14:50:36 ][ Request ][ {"url":"/Interface/getSight","method":"POST","params":{}} ][ /Interface/getSight ]

[ 14:50:41 ][ Response ][ 获取每日资讯列表操作成功 ][ /Interface/getSight ]

[ 14:53:36 ][ Request ][ {"url":"/Interface/getSight","method":"POST","params":{}} ][ /Interface/getSight ]

[ 14:53:42 ][ Response ][ 获取每日资讯列表操作成功 ][ /Interface/getSight ]

[ 14:56:10 ][ Request ][ {"url":"/Interface/getSight","method":"POST","params":{}} ][ /Interface/getSight ]

[ 14:56:14 ][ Response ][ 获取每日资讯列表操作成功 ][ /Interface/getSight ]

[ 14:56:16 ][ Request ][ {"url":"/Interface/getSight","method":"POST","params":{}} ][ /Interface/getSight ]

[ 14:56:21 ][ Response ][ 获取每日资讯列表操作成功 ][ /Interface/getSight ]

[ 14:56:49 ][ Request ][ {"url":"/Interface/getSight","method":"POST","params":{}} ][ /Interface/getSight ]

[ 14:56:54 ][ Response ][ 获取每日资讯列表操作成功 ][ /Interface/getSight ]

[ 16:02:10 ][ Request ][ {"url":"/Interface/getSight","method":"POST","params":{}} ][ /Interface/getSight ]

[ 16:02:15 ][ Response ][ 获取每日资讯列表操作成功 ][ /Interface/getSight ]

[ 16:02:42 ][ Request ][ {"url":"/Interface/getSight","method":"POST","params":{}} ][ /Interface/getSight ]

[ 16:02:45 ][ Request ][ {"url":"/Interface/getSight","method":"POST","params":{}} ][ /Interface/getSight ]

[ 16:02:47 ][ Response ][ 获取每日资讯列表操作成功 ][ /Interface/getSight ]

[ 16:02:50 ][ Response ][ 获取每日资讯列表操作成功 ][ /Interface/getSight ]

[ 16:03:02 ][ Request ][ {"url":"/Interface/getSight","method":"POST","params":{}} ][ /Interface/getSight ]

[ 16:03:07 ][ Response ][ 获取每日资讯列表操作成功 ][ /Interface/getSight ]

[ 16:03:13 ][ Request ][ {"url":"/Interface/getSight","method":"POST","params":{}} ][ /Interface/getSight ]

[ 16:03:19 ][ Response ][ 获取每日资讯列表操作成功 ][ /Interface/getSight ]

[ 16:05:29 ][ Request ][ {"url":"/Interface/getSight","method":"POST","params":{}} ][ /Interface/getSight ]

[ 16:05:34 ][ Response ][ 获取每日资讯列表操作成功 ][ /Interface/getSight ]

[ 16:05:41 ][ Request ][ {"url":"/Interface/getSight","method":"POST","params":{}} ][ /Interface/getSight ]

[ 16:05:46 ][ Response ][ 获取每日资讯列表操作成功 ][ /Interface/getSight ]

[ 16:05:51 ][ Request ][ {"url":"/Interface/getSight","method":"POST","params":{}} ][ /Interface/getSight ]

[ 16:05:56 ][ Response ][ 获取每日资讯列表操作成功 ][ /Interface/getSight ]

[ 16:06:27 ][ Request ][ {"url":"/Interface/getSight","method":"POST","params":{}} ][ /Interface/getSight ]

[ 16:06:33 ][ Response ][ 获取每日资讯列表操作成功 ][ /Interface/getSight ]

[ 16:07:08 ][ Request ][ {"url":"/Interface/getSight","method":"POST","params":{}} ][ /Interface/getSight ]

[ 16:07:11 ][ Request ][ {"url":"/Interface/getSight","method":"POST","params":{}} ][ /Interface/getSight ]

[ 16:07:16 ][ Response ][ 获取每日资讯列表操作成功 ][ /Interface/getSight ]

[ 16:07:17 ][ Response ][ 获取每日资讯列表操作成功 ][ /Interface/getSight ]

[ 16:07:20 ][ Request ][ {"url":"/Interface/getSight","method":"POST","params":{}} ][ /Interface/getSight ]

[ 16:07:24 ][ Response ][ 获取每日资讯列表操作成功 ][ /Interface/getSight ]

[ 16:08:13 ][ Request ][ {"url":"/Interface/getSight","method":"POST","params":{}} ][ /Interface/getSight ]

[ 16:08:17 ][ Response ][ 获取每日资讯列表操作成功 ][ /Interface/getSight ]

[ 16:08:36 ][ Request ][ {"url":"/Interface/getSight","method":"POST","params":{}} ][ /Interface/getSight ]

[ 16:08:41 ][ Response ][ 获取每日资讯列表操作成功 ][ /Interface/getSight ]

[ 16:09:04 ][ Request ][ {"url":"/Interface/getSight","method":"POST","params":{}} ][ /Interface/getSight ]

[ 16:09:09 ][ Response ][ 获取每日资讯列表操作成功 ][ /Interface/getSight ]

[ 16:10:14 ][ Request ][ {"url":"/Interface/getSight","method":"POST","params":{}} ][ /Interface/getSight ]

[ 16:10:21 ][ Response ][ 获取每日资讯列表操作成功 ][ /Interface/getSight ]

[ 16:11:46 ][ Request ][ {"url":"/Interface/getSight","method":"POST","params":{}} ][ /Interface/getSight ]

[ 16:11:51 ][ Request ][ {"url":"/Interface/getSight","method":"POST","params":{}} ][ /Interface/getSight ]

[ 16:11:52 ][ Response ][ 获取每日资讯列表操作成功 ][ /Interface/getSight ]

[ 16:11:56 ][ Response ][ 获取每日资讯列表操作成功 ][ /Interface/getSight ]

[ 16:14:13 ][ Request ][ {"url":"/Interface/getSight","method":"POST","params":{}} ][ /Interface/getSight ]

[ 16:14:18 ][ Response ][ 获取每日资讯列表操作成功 ][ /Interface/getSight ]

[ 16:16:16 ][ Request ][ {"url":"/Interface/getSight","method":"POST","params":{}} ][ /Interface/getSight ]

[ 16:16:21 ][ Response ][ 获取每日资讯列表操作成功 ][ /Interface/getSight ]

[ 16:18:25 ][ Request ][ {"url":"/Interface/getSight","method":"POST","params":{}} ][ /Interface/getSight ]

[ 16:18:32 ][ Response ][ 获取每日资讯列表操作成功 ][ /Interface/getSight ]

[ 16:18:40 ][ Request ][ {"url":"/Interface/getSight","method":"POST","params":{}} ][ /Interface/getSight ]

[ 16:18:45 ][ Response ][ 获取每日资讯列表操作成功 ][ /Interface/getSight ]

[ 16:18:58 ][ Request ][ {"url":"/Interface/getSight","method":"POST","params":{}} ][ /Interface/getSight ]

[ 16:19:03 ][ Response ][ 获取每日资讯列表操作成功 ][ /Interface/getSight ]

[ 16:19:36 ][ Request ][ {"url":"/Interface/getSight","method":"POST","params":{}} ][ /Interface/getSight ]

[ 16:19:41 ][ Response ][ 获取每日资讯列表操作成功 ][ /Interface/getSight ]

[ 16:19:43 ][ Request ][ {"url":"/Interface/getSight","method":"POST","params":{}} ][ /Interface/getSight ]

[ 16:19:49 ][ Response ][ 获取每日资讯列表操作成功 ][ /Interface/getSight ]

[ 16:20:10 ][ Request ][ {"url":"/Interface/getSight","method":"POST","params":{}} ][ /Interface/getSight ]

[ 16:20:18 ][ Response ][ 获取每日资讯列表操作成功 ][ /Interface/getSight ]

[ 16:20:47 ][ Request ][ {"url":"/Interface/getSight","method":"POST","params":{}} ][ /Interface/getSight ]

[ 16:20:52 ][ Response ][ 获取每日资讯列表操作成功 ][ /Interface/getSight ]

[ 16:20:58 ][ Request ][ {"url":"/Interface/getSight","method":"POST","params":{}} ][ /Interface/getSight ]

[ 16:21:03 ][ Response ][ 获取每日资讯列表操作成功 ][ /Interface/getSight ]

[ 16:21:35 ][ Request ][ {"url":"/Interface/getSight","method":"POST","params":{}} ][ /Interface/getSight ]

[ 16:21:39 ][ Response ][ 获取每日资讯列表操作成功 ][ /Interface/getSight ]

[ 16:22:02 ][ Request ][ {"url":"/Interface/getSight","method":"POST","params":{}} ][ /Interface/getSight ]

[ 16:22:07 ][ Response ][ 获取每日资讯列表操作成功 ][ /Interface/getSight ]

[ 16:24:19 ][ Request ][ {"url":"/Interface/getSight","method":"POST","params":{}} ][ /Interface/getSight ]

[ 16:24:25 ][ Response ][ 获取每日资讯列表操作成功 ][ /Interface/getSight ]

[ 16:24:37 ][ Request ][ {"url":"/Interface/getSight","method":"POST","params":{}} ][ /Interface/getSight ]

[ 16:24:41 ][ Request ][ {"url":"/Interface/getSight","method":"POST","params":{}} ][ /Interface/getSight ]

[ 16:24:42 ][ Response ][ 获取每日资讯列表操作成功 ][ /Interface/getSight ]

[ 16:24:46 ][ Response ][ 获取每日资讯列表操作成功 ][ /Interface/getSight ]

[ 16:47:32 ][ Request ][ {"url":"/Interface/getSight","method":"POST","params":{}} ][ /Interface/getSight ]

[ 16:47:39 ][ Response ][ 获取每日资讯列表操作成功 ][ /Interface/getSight ]

[ 16:48:08 ][ Request ][ {"url":"/Interface/getSight","method":"POST","params":{}} ][ /Interface/getSight ]

[ 16:48:12 ][ Response ][ 获取每日资讯列表操作成功 ][ /Interface/getSight ]

[ 16:48:25 ][ Request ][ {"url":"/Interface/getSight","method":"POST","params":{}} ][ /Interface/getSight ]

[ 16:48:30 ][ Response ][ 获取每日资讯列表操作成功 ][ /Interface/getSight ]

[ 16:48:39 ][ Request ][ {"url":"/Interface/getSight","method":"POST","params":{}} ][ /Interface/getSight ]

[ 16:48:44 ][ Response ][ 获取每日资讯列表操作成功 ][ /Interface/getSight ]

[ 16:49:25 ][ Request ][ {"url":"/Interface/getSight","method":"POST","params":{}} ][ /Interface/getSight ]

[ 16:49:29 ][ Response ][ 获取每日资讯列表操作成功 ][ /Interface/getSight ]

[ 16:49:53 ][ Request ][ {"url":"/Interface/getSight","method":"POST","params":{}} ][ /Interface/getSight ]

[ 16:50:00 ][ Response ][ 获取每日资讯列表操作成功 ][ /Interface/getSight ]

[ 16:51:10 ][ Request ][ {"url":"/Interface/getSight","method":"POST","params":{}} ][ /Interface/getSight ]

[ 16:51:17 ][ Response ][ 获取每日资讯列表操作成功 ][ /Interface/getSight ]

[ 16:51:30 ][ Request ][ {"url":"/Interface/getSight","method":"POST","params":{}} ][ /Interface/getSight ]

[ 16:51:35 ][ Response ][ 获取每日资讯列表操作成功 ][ /Interface/getSight ]

[ 16:54:55 ][ Request ][ {"url":"/Interface/getSight","method":"POST","params":{}} ][ /Interface/getSight ]

[ 16:55:00 ][ Response ][ 获取每日资讯列表操作成功 ][ /Interface/getSight ]

[ 17:00:16 ][ Request ][ {"url":"/Interface/getSight","method":"POST","params":{}} ][ /Interface/getSight ]

[ 17:00:20 ][ Response ][ 获取每日资讯列表操作成功 ][ /Interface/getSight ]

[ 17:02:20 ][ Request ][ {"url":"/Interface/getSight","method":"POST","params":{}} ][ /Interface/getSight ]

[ 17:02:26 ][ Response ][ 获取每日资讯列表操作成功 ][ /Interface/getSight ]

[ 17:03:27 ][ Request ][ {"url":"/Interface/getSight","method":"POST","params":{}} ][ /Interface/getSight ]

[ 17:03:32 ][ Response ][ 获取每日资讯列表操作成功 ][ /Interface/getSight ]

[ 17:03:33 ][ Request ][ {"url":"/Interface/getSight","method":"POST","params":{}} ][ /Interface/getSight ]

[ 17:03:37 ][ Response ][ 获取每日资讯列表操作成功 ][ /Interface/getSight ]

[ 17:05:42 ][ Request ][ {"url":"/Interface/getSight","method":"POST","params":{}} ][ /Interface/getSight ]

[ 17:05:56 ][ Response ][ 获取每日资讯列表操作成功 ][ /Interface/getSight ]

[ 17:07:34 ][ Request ][ {"url":"/Interface/getSight","method":"POST","params":{}} ][ /Interface/getSight ]

[ 17:07:42 ][ Response ][ 获取每日资讯列表操作成功 ][ /Interface/getSight ]

[ 17:10:42 ][ Request ][ {"url":"/Interface/getSight","method":"POST","params":{}} ][ /Interface/getSight ]

[ 17:10:42 ][ Request ][ {"url":"/Interface/getSight","method":"POST","params":{}} ][ /Interface/getSight ]

[ 17:10:47 ][ Response ][ 获取每日资讯列表操作成功 ][ /Interface/getSight ]

[ 17:10:48 ][ Response ][ 获取每日资讯列表操作成功 ][ /Interface/getSight ]

[ 17:14:19 ][ Request ][ {"url":"/Interface/getSight","method":"POST","params":{}} ][ /Interface/getSight ]

[ 17:14:19 ][ Request ][ {"url":"/Interface/getSight","method":"POST","params":{}} ][ /Interface/getSight ]

[ 17:14:24 ][ Response ][ 获取每日资讯列表操作成功 ][ /Interface/getSight ]

[ 17:14:25 ][ Response ][ 获取每日资讯列表操作成功 ][ /Interface/getSight ]

[ 17:14:39 ][ Request ][ {"url":"/Interface/getSight","method":"POST","params":{}} ][ /Interface/getSight ]

[ 17:14:39 ][ Request ][ {"url":"/Interface/getSight","method":"POST","params":{}} ][ /Interface/getSight ]

[ 17:14:43 ][ Request ][ {"url":"/Interface/getSight","method":"POST","params":{}} ][ /Interface/getSight ]

[ 17:14:45 ][ Response ][ 获取每日资讯列表操作成功 ][ /Interface/getSight ]

[ 17:14:45 ][ Response ][ 获取每日资讯列表操作成功 ][ /Interface/getSight ]

[ 17:14:48 ][ Response ][ 获取每日资讯列表操作成功 ][ /Interface/getSight ]

[ 18:15:46 ][ Request ][ {"url":"/Interface/getSight","method":"POST","params":{}} ][ /Interface/getSight ]

[ 18:15:51 ][ Response ][ 获取每日资讯列表操作成功 ][ /Interface/getSight ]

[ 18:30:05 ][ Request ][ {"url":"/Interface/getSight","method":"POST","params":{}} ][ /Interface/getSight ]

[ 18:30:09 ][ Response ][ 获取每日资讯列表操作成功 ][ /Interface/getSight ]

[ 18:32:36 ][ Request ][ {"url":"/Interface/getSight","method":"POST","params":{}} ][ /Interface/getSight ]

[ 18:32:45 ][ Response ][ 获取每日资讯列表操作成功 ][ /Interface/getSight ]

[ 18:34:27 ][ Request ][ {"url":"/Interface/getSight","method":"POST","params":{}} ][ /Interface/getSight ]

[ 18:34:31 ][ Request ][ {"url":"/Interface/getSight","method":"POST","params":{}} ][ /Interface/getSight ]

[ 18:34:34 ][ Response ][ 获取每日资讯列表操作成功 ][ /Interface/getSight ]

[ 18:34:38 ][ Response ][ 获取每日资讯列表操作成功 ][ /Interface/getSight ]

[ 22:45:01 ][ Request ][ {"url":"/Interface/getSight","method":"POST","params":{}} ][ /Interface/getSight ]

[ 22:45:06 ][ Response ][ 获取每日资讯列表操作成功 ][ /Interface/getSight ]

